<?xml version="1.0" encoding="UTF-8"?>
<!-- Generated by org.testng.reporters.JUnitXMLReporter -->
<testsuite ignored="0" hostname="MSI" failures="0" tests="5" name="Test" time="36.087" errors="0" timestamp="2024-01-03T18:46:19 IST">
  <testcase classname="cucumber.stepdefinitions.starhealth_testng" name="yourTest" time="0.055"/>
  <testcase classname="cucumber.stepdefinitions.starhealth_testng" name="hovercursor" time="0.463"/>
  <testcase classname="cucumber.stepdefinitions.starhealth_testng" name="enterFamilyDetails" time="3.504"/>
  <testcase classname="cucumber.stepdefinitions.starhealth_testng" name="validateSocialMediaLinks" time="1.108"/>
  <testcase classname="cucumber.stepdefinitions.starhealth_testng" name="validateTwitterPage" time="20.617"/>
</testsuite> <!-- Test -->
