<?xml version="1.0" encoding="UTF-8"?>
<testng-results ignored="0" total="6" passed="6" failed="0" skipped="0">
  <reporter-output>
  </reporter-output>
  <suite started-at="2024-01-03T18:45:43 IST" name="Suite" finished-at="2024-01-03T18:46:19 IST" duration-ms="36087">
    <groups>
    </groups>
    <test started-at="2024-01-03T18:45:43 IST" name="test2" finished-at="2024-01-03T18:45:57 IST" duration-ms="14063">
      <class name="cucumber.stepdefinitions.testnglinks">
        <test-method is-config="true" signature="setUp()[pri:0, instance:cucumber.stepdefinitions.testnglinks@71d44a3]" started-at="2024-01-03T18:45:43 IST" name="setUp" finished-at="2024-01-03T18:45:46 IST" duration-ms="2750" status="PASS">
          <reporter-output>
          </reporter-output>
        </test-method> <!-- setUp -->
        <test-method signature="displayAllLinks()[pri:0, instance:cucumber.stepdefinitions.testnglinks@71d44a3]" started-at="2024-01-03T18:45:46 IST" name="displayAllLinks" finished-at="2024-01-03T18:45:56 IST" duration-ms="10561" status="PASS">
          <reporter-output>
          </reporter-output>
        </test-method> <!-- displayAllLinks -->
        <test-method is-config="true" signature="tearDown()[pri:0, instance:cucumber.stepdefinitions.testnglinks@71d44a3]" started-at="2024-01-03T18:45:56 IST" name="tearDown" finished-at="2024-01-03T18:45:57 IST" duration-ms="734" status="PASS">
          <reporter-output>
          </reporter-output>
        </test-method> <!-- tearDown -->
      </class> <!-- cucumber.stepdefinitions.testnglinks -->
      <class name="cucumber.stepdefinitions.starhealth_testng">
        <test-method is-config="true" signature="beforeSuite()[pri:0, instance:cucumber.stepdefinitions.starhealth_testng@4ec4f3a0]" started-at="2024-01-03T18:45:43 IST" name="beforeSuite" finished-at="2024-01-03T18:45:43 IST" duration-ms="5" status="PASS">
          <reporter-output>
          </reporter-output>
        </test-method> <!-- beforeSuite -->
        <test-method is-config="true" signature="afterSuite()[pri:0, instance:cucumber.stepdefinitions.starhealth_testng@4ec4f3a0]" started-at="2024-01-03T18:46:19 IST" name="afterSuite" finished-at="2024-01-03T18:46:19 IST" duration-ms="500" status="PASS">
          <reporter-output>
          </reporter-output>
        </test-method> <!-- afterSuite -->
      </class> <!-- cucumber.stepdefinitions.starhealth_testng -->
    </test> <!-- test2 -->
    <test started-at="2024-01-03T18:45:43 IST" name="Test" finished-at="2024-01-03T18:46:19 IST" duration-ms="36087">
      <class name="cucumber.stepdefinitions.starhealth_testng">
        <test-method is-config="true" signature="beforeClass()[pri:0, instance:cucumber.stepdefinitions.starhealth_testng@4ec4f3a0]" started-at="2024-01-03T18:45:43 IST" name="beforeClass" finished-at="2024-01-03T18:45:53 IST" duration-ms="10311" status="PASS">
          <reporter-output>
          </reporter-output>
        </test-method> <!-- beforeClass -->
        <test-method signature="yourTest()[pri:0, instance:cucumber.stepdefinitions.starhealth_testng@4ec4f3a0]" started-at="2024-01-03T18:45:53 IST" name="yourTest" finished-at="2024-01-03T18:45:53 IST" duration-ms="55" status="PASS">
          <reporter-output>
          </reporter-output>
        </test-method> <!-- yourTest -->
        <test-method signature="hovercursor()[pri:1, instance:cucumber.stepdefinitions.starhealth_testng@4ec4f3a0]" started-at="2024-01-03T18:45:53 IST" name="hovercursor" finished-at="2024-01-03T18:45:54 IST" duration-ms="463" status="PASS">
          <reporter-output>
          </reporter-output>
        </test-method> <!-- hovercursor -->
        <test-method signature="enterFamilyDetails(java.lang.String,java.lang.String,java.lang.String)[pri:2, instance:cucumber.stepdefinitions.starhealth_testng@4ec4f3a0]" started-at="2024-01-03T18:45:54 IST" name="enterFamilyDetails" finished-at="2024-01-03T18:45:57 IST" duration-ms="3504" status="PASS">
          <params>
            <param index="0">
              <value>
                <![CDATA[Demo vishwak]]>
              </value>
            </param>
            <param index="1">
              <value>
                <![CDATA[7675909319]]>
              </value>
            </param>
            <param index="2">
              <value>
                <![CDATA[123@gmail.com]]>
              </value>
            </param>
          </params>
          <reporter-output>
          </reporter-output>
        </test-method> <!-- enterFamilyDetails -->
        <test-method signature="validateSocialMediaLinks()[pri:3, instance:cucumber.stepdefinitions.starhealth_testng@4ec4f3a0]" started-at="2024-01-03T18:45:57 IST" name="validateSocialMediaLinks" finished-at="2024-01-03T18:45:58 IST" duration-ms="1108" status="PASS">
          <reporter-output>
          </reporter-output>
        </test-method> <!-- validateSocialMediaLinks -->
        <test-method signature="validateTwitterPage()[pri:4, instance:cucumber.stepdefinitions.starhealth_testng@4ec4f3a0]" started-at="2024-01-03T18:45:58 IST" name="validateTwitterPage" finished-at="2024-01-03T18:46:19 IST" duration-ms="20617" status="PASS">
          <reporter-output>
          </reporter-output>
        </test-method> <!-- validateTwitterPage -->
      </class> <!-- cucumber.stepdefinitions.starhealth_testng -->
    </test> <!-- Test -->
  </suite> <!-- Suite -->
</testng-results>
