<?xml version="1.0" encoding="UTF-8"?>
<testng-results ignored="0" total="6" passed="5" failed="1" skipped="0">
  <reporter-output>
  </reporter-output>
  <suite started-at="2024-01-04T09:54:01 IST" name="Suite" finished-at="2024-01-04T09:54:17 IST" duration-ms="15525">
    <groups>
    </groups>
    <test started-at="2024-01-04T09:54:01 IST" name="StarHealth002" finished-at="2024-01-04T09:54:14 IST" duration-ms="12547">
      <class name="cucumber.stepdefinitions.testnglinks">
        <test-method is-config="true" signature="setUp()[pri:0, instance:cucumber.stepdefinitions.testnglinks@71d44a3]" started-at="2024-01-04T09:54:01 IST" name="setUp" finished-at="2024-01-04T09:54:05 IST" duration-ms="3396" status="PASS">
          <reporter-output>
          </reporter-output>
        </test-method> <!-- setUp -->
        <test-method signature="displayAllLinks()[pri:0, instance:cucumber.stepdefinitions.testnglinks@71d44a3]" started-at="2024-01-04T09:54:05 IST" name="displayAllLinks" finished-at="2024-01-04T09:54:13 IST" duration-ms="8452" status="PASS">
          <reporter-output>
          </reporter-output>
        </test-method> <!-- displayAllLinks -->
        <test-method is-config="true" signature="tearDown()[pri:0, instance:cucumber.stepdefinitions.testnglinks@71d44a3]" started-at="2024-01-04T09:54:13 IST" name="tearDown" finished-at="2024-01-04T09:54:14 IST" duration-ms="677" status="PASS">
          <reporter-output>
          </reporter-output>
        </test-method> <!-- tearDown -->
      </class> <!-- cucumber.stepdefinitions.testnglinks -->
      <class name="cucumber.stepdefinitions.starhealth_testng">
        <test-method is-config="true" signature="beforeSuite()[pri:0, instance:cucumber.stepdefinitions.starhealth_testng@4ec4f3a0]" started-at="2024-01-04T09:54:01 IST" name="beforeSuite" finished-at="2024-01-04T09:54:01 IST" duration-ms="6" status="PASS">
          <reporter-output>
          </reporter-output>
        </test-method> <!-- beforeSuite -->
        <test-method is-config="true" signature="afterSuite()[pri:0, instance:cucumber.stepdefinitions.starhealth_testng@4ec4f3a0]" started-at="2024-01-04T09:54:17 IST" name="afterSuite" finished-at="2024-01-04T09:54:18 IST" duration-ms="874" status="PASS">
          <reporter-output>
          </reporter-output>
        </test-method> <!-- afterSuite -->
      </class> <!-- cucumber.stepdefinitions.starhealth_testng -->
    </test> <!-- StarHealth002 -->
    <test started-at="2024-01-04T09:54:01 IST" name="StarHealth001" finished-at="2024-01-04T09:54:17 IST" duration-ms="15525">
      <class name="cucumber.stepdefinitions.starhealth_testng">
        <test-method is-config="true" signature="beforeClass()[pri:0, instance:cucumber.stepdefinitions.starhealth_testng@4ec4f3a0]" started-at="2024-01-04T09:54:01 IST" name="beforeClass" finished-at="2024-01-04T09:54:07 IST" duration-ms="5557" status="PASS">
          <reporter-output>
          </reporter-output>
        </test-method> <!-- beforeClass -->
        <test-method signature="yourTest()[pri:0, instance:cucumber.stepdefinitions.starhealth_testng@4ec4f3a0]" started-at="2024-01-04T09:54:07 IST" name="yourTest" finished-at="2024-01-04T09:54:07 IST" duration-ms="79" status="PASS">
          <reporter-output>
          </reporter-output>
        </test-method> <!-- yourTest -->
        <test-method signature="hovercursor()[pri:1, instance:cucumber.stepdefinitions.starhealth_testng@4ec4f3a0]" started-at="2024-01-04T09:54:07 IST" name="hovercursor" finished-at="2024-01-04T09:54:07 IST" duration-ms="523" status="PASS">
          <reporter-output>
          </reporter-output>
        </test-method> <!-- hovercursor -->
        <test-method signature="enterFamilyDetails(java.lang.String,java.lang.String,java.lang.String)[pri:2, instance:cucumber.stepdefinitions.starhealth_testng@4ec4f3a0]" started-at="2024-01-04T09:54:07 IST" name="enterFamilyDetails" finished-at="2024-01-04T09:54:11 IST" duration-ms="3423" status="PASS">
          <params>
            <param index="0">
              <value>
                <![CDATA[Demo vishwak]]>
              </value>
            </param>
            <param index="1">
              <value>
                <![CDATA[7675909319]]>
              </value>
            </param>
            <param index="2">
              <value>
                <![CDATA[123@gmail.com]]>
              </value>
            </param>
          </params>
          <reporter-output>
          </reporter-output>
        </test-method> <!-- enterFamilyDetails -->
        <test-method signature="validateSocialMediaLinks()[pri:3, instance:cucumber.stepdefinitions.starhealth_testng@4ec4f3a0]" started-at="2024-01-04T09:54:11 IST" name="validateSocialMediaLinks" finished-at="2024-01-04T09:54:12 IST" duration-ms="1258" status="FAIL">
          <exception class="org.openqa.selenium.StaleElementReferenceException">
            <message>
              <![CDATA[stale element reference: stale element not found
  (Session info: MicrosoftEdge=120.0.2210.91)
For documentation on this error, please visit: https://www.selenium.dev/documentation/webdriver/troubleshooting/errors#stale-element-reference-exception
Build info: version: '4.16.1', revision: '9b4c83354e'
System info: os.name: 'Windows 11', os.arch: 'amd64', os.version: '10.0', java.version: '21.0.1'
Driver info: org.openqa.selenium.edge.EdgeDriver
Command: [3aad732d86ba3514f82b9f38de302718, getElementAttribute {id=388B5132DDF14F8AE6962E497770E614_element_222, name=href}]
Capabilities {acceptInsecureCerts: false, browserName: MicrosoftEdge, browserVersion: 120.0.2210.91, fedcm:accounts: true, ms:edgeOptions: {debuggerAddress: localhost:52537}, msedge: {msedgedriverVersion: 120.0.2210.61 (50ab4bd76cf1..., userDataDir: C:\Users\hey1d\AppData\Loca...}, networkConnectionEnabled: false, pageLoadStrategy: normal, platformName: windows, proxy: Proxy(), se:cdp: ws://localhost:52537/devtoo..., se:cdpVersion: 120.0.2210.91, setWindowRect: true, strictFileInteractability: false, timeouts: {implicit: 0, pageLoad: 300000, script: 30000}, unhandledPromptBehavior: dismiss and notify, webauthn:extension:credBlob: true, webauthn:extension:largeBlob: true, webauthn:extension:minPinLength: true, webauthn:extension:prf: true, webauthn:virtualAuthenticators: true}
Element: [[EdgeDriver: MicrosoftEdge on windows (3aad732d86ba3514f82b9f38de302718)] -> xpath: //*[@id="__next"]/div/div/footer/div/div[2]/div[1]/div[2]/a[3]]
Session ID: 3aad732d86ba3514f82b9f38de302718]]>
            </message>
            <full-stacktrace>
              <![CDATA[org.openqa.selenium.StaleElementReferenceException: stale element reference: stale element not found
  (Session info: MicrosoftEdge=120.0.2210.91)
For documentation on this error, please visit: https://www.selenium.dev/documentation/webdriver/troubleshooting/errors#stale-element-reference-exception
Build info: version: '4.16.1', revision: '9b4c83354e'
System info: os.name: 'Windows 11', os.arch: 'amd64', os.version: '10.0', java.version: '21.0.1'
Driver info: org.openqa.selenium.edge.EdgeDriver
Command: [3aad732d86ba3514f82b9f38de302718, getElementAttribute {id=388B5132DDF14F8AE6962E497770E614_element_222, name=href}]
Capabilities {acceptInsecureCerts: false, browserName: MicrosoftEdge, browserVersion: 120.0.2210.91, fedcm:accounts: true, ms:edgeOptions: {debuggerAddress: localhost:52537}, msedge: {msedgedriverVersion: 120.0.2210.61 (50ab4bd76cf1..., userDataDir: C:\Users\hey1d\AppData\Loca...}, networkConnectionEnabled: false, pageLoadStrategy: normal, platformName: windows, proxy: Proxy(), se:cdp: ws://localhost:52537/devtoo..., se:cdpVersion: 120.0.2210.91, setWindowRect: true, strictFileInteractability: false, timeouts: {implicit: 0, pageLoad: 300000, script: 30000}, unhandledPromptBehavior: dismiss and notify, webauthn:extension:credBlob: true, webauthn:extension:largeBlob: true, webauthn:extension:minPinLength: true, webauthn:extension:prf: true, webauthn:virtualAuthenticators: true}
Element: [[EdgeDriver: MicrosoftEdge on windows (3aad732d86ba3514f82b9f38de302718)] -> xpath: //*[@id="__next"]/div/div/footer/div/div[2]/div[1]/div[2]/a[3]]
Session ID: 3aad732d86ba3514f82b9f38de302718
at java.base/jdk.internal.reflect.DirectConstructorHandleAccessor.newInstance(DirectConstructorHandleAccessor.java:62)
at java.base/java.lang.reflect.Constructor.newInstanceWithCaller(Constructor.java:502)
at java.base/java.lang.reflect.Constructor.newInstance(Constructor.java:486)
at org.openqa.selenium.remote.codec.w3c.W3CHttpResponseCodec.createException(W3CHttpResponseCodec.java:200)
at org.openqa.selenium.remote.codec.w3c.W3CHttpResponseCodec.decode(W3CHttpResponseCodec.java:133)
at org.openqa.selenium.remote.codec.w3c.W3CHttpResponseCodec.decode(W3CHttpResponseCodec.java:52)
at org.openqa.selenium.remote.HttpCommandExecutor.execute(HttpCommandExecutor.java:191)
at org.openqa.selenium.remote.service.DriverCommandExecutor.invokeExecute(DriverCommandExecutor.java:200)
at org.openqa.selenium.remote.service.DriverCommandExecutor.execute(DriverCommandExecutor.java:175)
at org.openqa.selenium.remote.RemoteWebDriver.execute(RemoteWebDriver.java:523)
at org.openqa.selenium.remote.RemoteWebElement.execute(RemoteWebElement.java:224)
at org.openqa.selenium.remote.RemoteWebElement.getAttribute(RemoteWebElement.java:150)
at cucumber.stepdefinitions.starhealth_testng.validateSocialMediaLinks(starhealth_testng.java:116)
at java.base/jdk.internal.reflect.DirectMethodHandleAccessor.invoke(DirectMethodHandleAccessor.java:103)
at java.base/java.lang.reflect.Method.invoke(Method.java:580)
at org.testng.internal.MethodInvocationHelper.invokeMethod(MethodInvocationHelper.java:133)
at org.testng.internal.TestInvoker.invokeMethod(TestInvoker.java:598)
at org.testng.internal.TestInvoker.invokeTestMethod(TestInvoker.java:173)
at org.testng.internal.MethodRunner.runInSequence(MethodRunner.java:46)
at org.testng.internal.TestInvoker$MethodInvocationAgent.invoke(TestInvoker.java:824)
at org.testng.internal.TestInvoker.invokeTestMethods(TestInvoker.java:146)
at org.testng.internal.TestMethodWorker.invokeTestMethods(TestMethodWorker.java:146)
at org.testng.internal.TestMethodWorker.run(TestMethodWorker.java:128)
at java.base/java.util.ArrayList.forEach(ArrayList.java:1596)
at org.testng.TestRunner.privateRun(TestRunner.java:794)
at org.testng.TestRunner.run(TestRunner.java:596)
at org.testng.SuiteRunner.runTest(SuiteRunner.java:377)
at org.testng.SuiteRunner.access$000(SuiteRunner.java:28)
at org.testng.SuiteRunner$SuiteWorker.run(SuiteRunner.java:418)
at org.testng.internal.thread.ThreadUtil.lambda$execute$0(ThreadUtil.java:64)
at java.base/java.util.concurrent.FutureTask.run(FutureTask.java:317)
at java.base/java.util.concurrent.ThreadPoolExecutor.runWorker(ThreadPoolExecutor.java:1144)
at java.base/java.util.concurrent.ThreadPoolExecutor$Worker.run(ThreadPoolExecutor.java:642)
at java.base/java.lang.Thread.run(Thread.java:1583)
]]>
            </full-stacktrace>
          </exception> <!-- org.openqa.selenium.StaleElementReferenceException -->
          <reporter-output>
          </reporter-output>
        </test-method> <!-- validateSocialMediaLinks -->
        <test-method signature="validateTwitterPage()[pri:4, instance:cucumber.stepdefinitions.starhealth_testng@4ec4f3a0]" started-at="2024-01-04T09:54:12 IST" name="validateTwitterPage" finished-at="2024-01-04T09:54:17 IST" duration-ms="4648" status="PASS">
          <reporter-output>
          </reporter-output>
        </test-method> <!-- validateTwitterPage -->
      </class> <!-- cucumber.stepdefinitions.starhealth_testng -->
    </test> <!-- StarHealth001 -->
  </suite> <!-- Suite -->
</testng-results>
